0 info it worked if it ends with ok
1 verbose cli [ '/usr/bin/nodejs', '/usr/bin/npm', 'run', 'production' ]
2 info using npm@3.10.10
3 info using node@v6.10.1
4 verbose run-script [ 'preproduction', 'production', 'postproduction' ]
5 info lifecycle @~preproduction: @
6 silly lifecycle @~preproduction: no script for preproduction, continuing
7 info lifecycle @~production: @
8 verbose lifecycle @~production: unsafe-perm in lifecycle true
9 verbose lifecycle @~production: PATH: /usr/lib/node_modules/npm/bin/node-gyp-bin:/var/www/html/blog/blog/node_modules/.bin:/home/tzandev/.config/composer/vendor/bin:/home/tzandev/bin:/home/tzandev/.local/bin:/usr/local/sbin:/usr/local/bin:/usr/sbin:/usr/bin:/sbin:/bin:/usr/games:/usr/local/games:/snap/bin
10 verbose lifecycle @~production: CWD: /var/www/html/blog/blog
11 silly lifecycle @~production: Args: [ '-c',
11 silly lifecycle   'cross-env NODE_ENV=production node_modules/webpack/bin/webpack.js --progress --hide-modules --config=node_modules/laravel-mix/setup/webpack.config.js' ]
12 info lifecycle @~production: Failed to exec production script
13 verbose stack Error: @ production: `cross-env NODE_ENV=production node_modules/webpack/bin/webpack.js --progress --hide-modules --config=node_modules/laravel-mix/setup/webpack.config.js`
13 verbose stack spawn ENOENT
13 verbose stack     at ChildProcess.<anonymous> (/usr/lib/node_modules/npm/lib/utils/spawn.js:33:16)
13 verbose stack     at emitTwo (events.js:106:13)
13 verbose stack     at ChildProcess.emit (events.js:191:7)
13 verbose stack     at maybeClose (internal/child_process.js:886:16)
13 verbose stack     at Process.ChildProcess._handle.onexit (internal/child_process.js:226:5)
14 verbose pkgid @
15 verbose cwd /var/www/html/blog/blog
16 error Linux 4.4.0-66-generic
17 error argv "/usr/bin/nodejs" "/usr/bin/npm" "run" "production"
18 error node v6.10.1
19 error npm  v3.10.10
20 error file sh
21 error code ELIFECYCLE
22 error errno ENOENT
23 error syscall spawn
24 error @ production: `cross-env NODE_ENV=production node_modules/webpack/bin/webpack.js --progress --hide-modules --config=node_modules/laravel-mix/setup/webpack.config.js`
24 error spawn ENOENT
25 error Failed at the @ production script 'cross-env NODE_ENV=production node_modules/webpack/bin/webpack.js --progress --hide-modules --config=node_modules/laravel-mix/setup/webpack.config.js'.
25 error Make sure you have the latest version of node.js and npm installed.
25 error If you do, this is most likely a problem with the  package,
25 error not with npm itself.
25 error Tell the author that this fails on your system:
25 error     cross-env NODE_ENV=production node_modules/webpack/bin/webpack.js --progress --hide-modules --config=node_modules/laravel-mix/setup/webpack.config.js
25 error You can get information on how to open an issue for this project with:
25 error     npm bugs
25 error Or if that isn't available, you can get their info via:
25 error     npm owner ls
25 error There is likely additional logging output above.
26 verbose exit [ 1, true ]
